<?xml version="1.0" encoding="UTF-8"?>
<!-- Generated by org.testng.reporters.JUnitReportReporter -->
<testsuite skipped="0" hostname="Byron_Garrido" name="com.gbh.test.MainMenuTest" tests="1" failures="0" timestamp="10 May 2018 14:44:18 GMT" time="31.366" errors="0">
  <testcase name="mainTest" time="31.366" classname="com.gbh.test.MainMenuTest"/>
</testsuite> <!-- com.gbh.test.MainMenuTest -->
